%
(DFS,P4500, )
N10(*MSG, MAIN PROGRAM NO.:,P4500)
N20G92
N30G71F84
N40G01G928[4.000]
N50(*MSG, FILE NAME: DD500_01.CLD)
N60(*MSG, TRANSFERNAME: DD500_01.TAP PROGRAMME RUNS: 1)
N70(*MSG, MACHINE: L3030 TYPE: 1)
N80(*MSG, CONTROL: BOSCH VERSION:)
N90G929[40.000]
N100(*MSG, PART NUMBER:DD504    NUMBER STEP:     1;)
N110G801[1866000]
N120X238.74Y147.52
N130G934[0]
N140G915[1]
N150G08
N160G62
N170G932
N180G914
N190G01X232.40Y150.63
N200G01X230.49Y151.25
N210G01X229.23Y150.61
N220G01X183.55Y10.02
N230G02X183.43Y9.95I-0.10J0.03
N240G01X154.90Y19.23
N250G03X40.05Y37.42I-124.84J-416.59
N260G01X10.05
N270G02X9.95Y37.52J0.10
N280G01Y1198.24
N290G02X10.05Y1198.34I0.10
N300G01X40.02
N310G01X314.27Y1397.60
N320G02X314.41Y1397.58I0.06J-0.08
N330G01X513.67Y1123.32
N340G01X542.17Y1114.06
N350G02X542.24Y1113.94I-0.03J-0.10
N360G01X229.23Y150.61
N370G918
N380(*MSG, PART NUMBER:DD509    NUMBER STEP:     2;)
N390X691.80Y126.77
N400G932
N410G914
N420G01X688.49Y133.02
N430G01X687.31Y134.64
N440G01X685.92Y134.86
N450G01X514.02Y9.97
N460G02X513.88Y9.99I-0.06J0.08
N470G01X314.62Y284.25
N480G01X286.12Y293.51
N490G02X286.06Y293.63I0.03J0.10
N500G01X644.75Y1397.55
N510G02X644.87Y1397.62I0.10J-0.03
N520G01X673.40Y1388.35
N530G03X788.25Y1370.16I124.84J416.59
N540G01X818.25
N550G02X818.35Y1370.06J-0.10
N560G01Y209.33
N570G02X818.25Y209.23I-0.10
N580G01X788.28
N590G01X685.92Y134.86
N600G918
N610(*MSG, PART NUMBER:DD506    NUMBER STEP:     3;)
N620X1198.55Y314.50
N630G932
N640G914
N650G01X1191.58Y313.29
N660G01X1189.68Y312.67
N670G01X1189.04Y311.41
N680G01X1283.93Y19.35
N690G02X1283.87Y19.23I-0.10J-0.03
N700G01X1255.34Y9.95
N710G01X1255.30
N720G01X858.30
N730G01X828.30
N740G02X828.20Y10.05J0.10
N750G01Y860.17
N760G02X828.30Y860.27I0.10
N770G01X858.30
N780G03X973.15Y878.46I-10.00J434.78
N790G01X1001.68Y887.73
N800G02X1001.80Y887.66I0.03J-0.10
N810G01X1189.04Y311.41
N820G918
N830(*MSG, PART NUMBER:DD507    NUMBER STEP:     4;)
N840X1305.65Y1005.10
N850G932
N860G914
N870G01X1298.65Y1006.10
N880G01X1296.65
N890G01X1295.65Y1005.10
N900G01Y576.96
N910G02X1295.55Y576.86I-0.10
N920G01X1265.55
N930G03X1150.70Y558.67I10.00J-434.78
N940G01X1122.17Y549.40
N950G02X1122.04Y549.46I-0.03J0.10
N960G01X859.35Y1357.97
N970G02X859.41Y1358.09I0.10J0.03
N980G01X887.94Y1367.36
N990G01X1265.52Y1490.05
N1000G01X1265.55
N1010G01X1295.55
N1020G02X1295.65Y1489.95J-0.10
N1030G01Y1005.10
N1040G918
N1050(*MSG, PART NUMBER:DD511    NUMBER STEP:     5;)
N1060X1661.70Y358.05
N1070G932
N1080G914
N1090G01X1654.73Y356.84
N1100G01X1652.83Y356.22
N1110G01X1652.18Y354.96
N1120G01X1761.23Y19.35
N1130G02X1761.17Y19.23I-0.10J-0.03
N1140G01X1732.64Y9.95
N1150G01X1732.60
N1160G01X1335.60
N1170G01X1305.60
N1180G02X1305.50Y10.05J0.10
N1190G01Y860.17
N1200G02X1305.60Y860.27I0.10
N1210G01X1335.60
N1220G03X1450.45Y878.46I-10.00J434.78
N1230G01X1478.97Y887.73
N1240G02X1479.10Y887.66I0.03J-0.10
N1250G01X1652.18Y354.96
N1260G918
N1270(*MSG, PART NUMBER:DD502    NUMBER STEP:     6;)
N1280X1701.07Y563.80
N1290G932
N1300G914
N1310G01X1701.21Y570.87
N1320G01X1700.97Y572.86
N1330G01X1699.85Y573.73
N1340G03X1628.00Y558.67I52.99J-431.65
N1350G01X1599.47Y549.40
N1360G02X1599.34Y549.46I-0.03J0.10
N1370G01X1336.64Y1357.97
N1380G02X1336.71Y1358.09I0.10J0.03
N1390G01X1365.24Y1367.36
N1400G01X1742.82Y1490.05
N1410G01X1742.85
N1420G01X1772.85
N1430G02X1772.95Y1489.95J-0.10
N1440G01Y576.96
N1450G02X1772.85Y576.86I-0.10
N1460G01X1742.85
N1470G03X1699.85Y573.73I10.00J-434.78
N1480G918
N1490(*MSG, PART NUMBER:DD505    NUMBER STEP:     7;)
N1500X2252.16Y231.56
N1510G932
N1520G914
N1530G01X2245.19Y230.35
N1540G01X2243.29Y229.73
N1550G01X2242.65Y228.47
N1560G01X2310.59Y19.35
N1570G02X2310.53Y19.23I-0.10J-0.03
N1580G01X2282.00Y9.95
N1590G01X2281.94
N1600G01X1812.88Y162.36
N1610G01X1782.90
N1620G02X1782.80Y162.46J0.10
N1630G01Y1081.95
N1640G02X1782.90Y1082.05I0.10
N1650G01X1812.90
N1660G03X1927.74Y1100.24I-10.00J434.78
N1670G01X1956.27Y1109.51
N1680G02X1956.40Y1109.45I0.03J-0.10
N1690G01X2242.65Y228.47
N1700G918
N1710(*MSG, PART NUMBER:DD510    NUMBER STEP:     8;)
N1720X2324.03Y407.01
N1730G932
N1740G914
N1750G01X2324.54Y414.07
N1760G01X2324.40Y416.06
N1770G01X2323.33Y416.99
N1780G03X2228.99Y399.76I30.51J-433.82
N1790G01X2200.46Y390.49
N1800G02X2200.34Y390.55I-0.03J0.10
N1810G01X1846.14Y1480.65
N1820G02X1846.21Y1480.77I0.10J0.03
N1830G01X1874.74Y1490.05
N1840G01X1874.80
N1850G01X2343.86Y1337.64
N1860G01X2373.84
N1870G02X2373.94Y1337.54J-0.10
N1880G01Y418.05
N1890G02X2373.84Y417.95I-0.10
N1900G01X2343.84
N1910G03X2323.33Y416.99I10.00J-434.77
N1920G918
N1930(*MSG, PART NUMBER:DD503    NUMBER STEP:     9;)
N1940X2905.30Y1096.89
N1950G932
N1960G914
N1970G01X2903.24Y1090.12
N1980G01X2902.94Y1088.14
N1990G01X2903.78Y1087.00
N2000G03X2959.95Y1082.05I66.17J429.83
N2010G01X2989.95
N2020G02X2990.05Y1081.95J-0.10
N2030G01Y162.46
N2040G02X2989.95Y162.36I-0.10
N2050G01X2959.97
N2060G01X2490.91Y9.95
N2070G01X2490.85
N2080G01X2462.32Y19.23
N2090G02X2462.25Y19.35I0.03J0.10
N2100G01X2816.45Y1109.45
N2110G02X2816.57Y1109.51I0.10J-0.03
N2120G01X2845.10Y1100.24
N2130G03X2903.77Y1087.00I124.84J416.59
N2140G918
N2150(*MSG, PART NUMBER:DD508    NUMBER STEP:    10;)
N2160X2864.77Y1257.58
N2170G932
N2180G914
N2190G01X2858.42Y1260.69
N2200G01X2856.52Y1261.31
N2210G01X2855.26Y1260.67
N2220G01X2557.40Y343.93
N2230G02X2557.27Y343.87I-0.10J0.03
N2240G01X2528.74Y353.14
N2250G03X2413.89Y371.33I-124.84J-416.59
N2260G01X2383.89
N2270G02X2383.79Y371.43J0.10
N2280G01Y1290.92
N2290G02X2383.89Y1291.02I0.10
N2300G01X2413.88
N2310G01X2882.93Y1443.43
N2320G01X2882.99
N2330G01X2911.53Y1434.16
N2340G02X2911.59Y1434.03I-0.03J-0.10
N2350G01X2855.26Y1260.67
N2360G918
N2370G919
N2380G07
N2390M02
